Loading singularity/3.5.3
  Loading requirement: go/1.16.4
Le répertoire 'fastq_AdaptFilt' a été créé avec succès.
No options specified. 
Filtering files in working directory. 
aubergine_I_oct2__hifi_reads.fastq
aubergine_I_oct__hifi_reads.fastq
aubergine_R_oct2__hifi_reads.fastq
aubergine_R_oct__hifi_reads.fastq
concombre_I_jui__hifi_reads.fastq
concombre_R_jui__hifi_reads.fastq
fastq_AdaptFilt
fastqc
poivron_I_oct__hifi_reads.fastq
poivron_R_oct__hifi_reads.fastq
salade_I_fev__hifi_reads.fastq
salade_R_fev__hifi_reads.fastq
Identifying reads in aubergine_I_oct2__hifi_reads.fastq with adapter contamination on Fri Sep 15 09:46:50 BST 2023.
Creating blocklist for aubergine_I_oct2__hifi_reads.fastq on Fri Sep 15 10:03:07 BST 2023.
Removing adapter contaminated reads from aubergine_I_oct2__hifi_reads.fastq on Fri Sep 15 10:03:07 BST 2023.
Identifying reads in aubergine_I_oct__hifi_reads.fastq with adapter contamination on Fri Sep 15 10:24:31 BST 2023.
Creating blocklist for aubergine_I_oct__hifi_reads.fastq on Fri Sep 15 10:37:46 BST 2023.
Removing adapter contaminated reads from aubergine_I_oct__hifi_reads.fastq on Fri Sep 15 10:37:46 BST 2023.
Identifying reads in aubergine_R_oct2__hifi_reads.fastq with adapter contamination on Fri Sep 15 11:01:56 BST 2023.
Creating blocklist for aubergine_R_oct2__hifi_reads.fastq on Fri Sep 15 11:09:54 BST 2023.
Removing adapter contaminated reads from aubergine_R_oct2__hifi_reads.fastq on Fri Sep 15 11:09:54 BST 2023.
Identifying reads in aubergine_R_oct__hifi_reads.fastq with adapter contamination on Fri Sep 15 11:24:44 BST 2023.
Creating blocklist for aubergine_R_oct__hifi_reads.fastq on Fri Sep 15 11:41:40 BST 2023.
Removing adapter contaminated reads from aubergine_R_oct__hifi_reads.fastq on Fri Sep 15 11:41:42 BST 2023.
Identifying reads in concombre_I_jui__hifi_reads.fastq with adapter contamination on Fri Sep 15 12:04:55 BST 2023.
Creating blocklist for concombre_I_jui__hifi_reads.fastq on Fri Sep 15 12:20:55 BST 2023.
Removing adapter contaminated reads from concombre_I_jui__hifi_reads.fastq on Fri Sep 15 12:20:55 BST 2023.
Identifying reads in concombre_R_jui__hifi_reads.fastq with adapter contamination on Fri Sep 15 12:34:45 BST 2023.
Creating blocklist for concombre_R_jui__hifi_reads.fastq on Fri Sep 15 12:55:41 BST 2023.
Removing adapter contaminated reads from concombre_R_jui__hifi_reads.fastq on Fri Sep 15 12:55:41 BST 2023.
Identifying reads in poivron_I_oct__hifi_reads.fastq with adapter contamination on Fri Sep 15 13:15:52 BST 2023.
Creating blocklist for poivron_I_oct__hifi_reads.fastq on Fri Sep 15 13:41:16 BST 2023.
Removing adapter contaminated reads from poivron_I_oct__hifi_reads.fastq on Fri Sep 15 13:41:16 BST 2023.
Identifying reads in poivron_R_oct__hifi_reads.fastq with adapter contamination on Fri Sep 15 14:05:01 BST 2023.
Creating blocklist for poivron_R_oct__hifi_reads.fastq on Fri Sep 15 14:12:15 BST 2023.
Removing adapter contaminated reads from poivron_R_oct__hifi_reads.fastq on Fri Sep 15 14:12:15 BST 2023.
Identifying reads in salade_I_fev__hifi_reads.fastq with adapter contamination on Fri Sep 15 14:20:22 BST 2023.
Creating blocklist for salade_I_fev__hifi_reads.fastq on Fri Sep 15 14:39:15 BST 2023.
Removing adapter contaminated reads from salade_I_fev__hifi_reads.fastq on Fri Sep 15 14:39:15 BST 2023.
Identifying reads in salade_R_fev__hifi_reads.fastq with adapter contamination on Fri Sep 15 15:08:03 BST 2023.
Creating blocklist for salade_R_fev__hifi_reads.fastq on Fri Sep 15 15:22:55 BST 2023.
Removing adapter contaminated reads from salade_R_fev__hifi_reads.fastq on Fri Sep 15 15:22:55 BST 2023.
