Loading singularity/3.5.3
  Loading requirement: go/1.16.4
Le répertoire 'fastq_AdaptFilt' existe.
No options specified. 
Filtering files in working directory. 
aubergine_I_oct2__hifi_reads.fastq
aubergine_I_oct__hifi_reads.fastq
aubergine_R_oct2__hifi_reads.fastq
aubergine_R_oct__hifi_reads.fastq
concombre_I_jui__hifi_reads.fastq
concombre_R_jui__hifi_reads.fastq
fastq_AdaptFilt
fastqc
poivron_I_oct__hifi_reads.fastq
poivron_R_oct__hifi_reads.fastq
salade_I_fev__hifi_reads.fastq
salade_R_fev__hifi_reads.fastq
Identifying reads in aubergine_I_oct2__hifi_reads.fastq with adapter contamination on Fri Sep 15 09:47:13 BST 2023.
Creating blocklist for aubergine_I_oct2__hifi_reads.fastq on Fri Sep 15 10:01:47 BST 2023.
Removing adapter contaminated reads from aubergine_I_oct2__hifi_reads.fastq on Fri Sep 15 10:01:47 BST 2023.
Identifying reads in aubergine_I_oct__hifi_reads.fastq with adapter contamination on Fri Sep 15 10:18:29 BST 2023.
Creating blocklist for aubergine_I_oct__hifi_reads.fastq on Fri Sep 15 10:32:25 BST 2023.
Removing adapter contaminated reads from aubergine_I_oct__hifi_reads.fastq on Fri Sep 15 10:32:25 BST 2023.
Identifying reads in aubergine_R_oct2__hifi_reads.fastq with adapter contamination on Fri Sep 15 10:47:43 BST 2023.
Creating blocklist for aubergine_R_oct2__hifi_reads.fastq on Fri Sep 15 10:54:31 BST 2023.
Removing adapter contaminated reads from aubergine_R_oct2__hifi_reads.fastq on Fri Sep 15 10:54:31 BST 2023.
Identifying reads in aubergine_R_oct__hifi_reads.fastq with adapter contamination on Fri Sep 15 11:04:26 BST 2023.
Creating blocklist for aubergine_R_oct__hifi_reads.fastq on Fri Sep 15 11:20:30 BST 2023.
Removing adapter contaminated reads from aubergine_R_oct__hifi_reads.fastq on Fri Sep 15 11:20:30 BST 2023.
Identifying reads in concombre_I_jui__hifi_reads.fastq with adapter contamination on Fri Sep 15 11:40:24 BST 2023.
Creating blocklist for concombre_I_jui__hifi_reads.fastq on Fri Sep 15 11:50:43 BST 2023.
Removing adapter contaminated reads from concombre_I_jui__hifi_reads.fastq on Fri Sep 15 11:50:43 BST 2023.
Identifying reads in concombre_R_jui__hifi_reads.fastq with adapter contamination on Fri Sep 15 12:00:53 BST 2023.
Creating blocklist for concombre_R_jui__hifi_reads.fastq on Fri Sep 15 12:20:58 BST 2023.
Removing adapter contaminated reads from concombre_R_jui__hifi_reads.fastq on Fri Sep 15 12:20:58 BST 2023.
Identifying reads in poivron_I_oct__hifi_reads.fastq with adapter contamination on Fri Sep 15 12:40:40 BST 2023.
Creating blocklist for poivron_I_oct__hifi_reads.fastq on Fri Sep 15 12:59:05 BST 2023.
Removing adapter contaminated reads from poivron_I_oct__hifi_reads.fastq on Fri Sep 15 12:59:05 BST 2023.
Identifying reads in poivron_R_oct__hifi_reads.fastq with adapter contamination on Fri Sep 15 13:16:24 BST 2023.
Creating blocklist for poivron_R_oct__hifi_reads.fastq on Fri Sep 15 13:21:46 BST 2023.
Removing adapter contaminated reads from poivron_R_oct__hifi_reads.fastq on Fri Sep 15 13:21:46 BST 2023.
Identifying reads in salade_I_fev__hifi_reads.fastq with adapter contamination on Fri Sep 15 13:28:19 BST 2023.
Creating blocklist for salade_I_fev__hifi_reads.fastq on Fri Sep 15 13:47:00 BST 2023.
Removing adapter contaminated reads from salade_I_fev__hifi_reads.fastq on Fri Sep 15 13:47:00 BST 2023.
Identifying reads in salade_R_fev__hifi_reads.fastq with adapter contamination on Fri Sep 15 14:05:37 BST 2023.
Creating blocklist for salade_R_fev__hifi_reads.fastq on Fri Sep 15 14:25:40 BST 2023.
Removing adapter contaminated reads from salade_R_fev__hifi_reads.fastq on Fri Sep 15 14:25:40 BST 2023.
