Loading singularity/3.5.3
  Loading requirement: go/1.16.4
Le répertoire 'fastq_AdaptFilt' existe.
No options specified. 
Filtering files in working directory. 
aubergine_I_oct2__hifi_reads.fastq
aubergine_I_oct__hifi_reads.fastq
aubergine_R_oct2__hifi_reads.fastq
aubergine_R_oct__hifi_reads.fastq
concombre_I_jui__hifi_reads.fastq
concombre_R_jui__hifi_reads.fastq
fastq_AdaptFilt
fastqc
poivron_I_oct__hifi_reads.fastq
poivron_R_oct__hifi_reads.fastq
salade_I_fev__hifi_reads.fastq
salade_R_fev__hifi_reads.fastq
Identifying reads in aubergine_I_oct2__hifi_reads.fastq with adapter contamination on Fri Sep 15 09:47:14 BST 2023.
Creating blocklist for aubergine_I_oct2__hifi_reads.fastq on Fri Sep 15 10:04:13 BST 2023.
Removing adapter contaminated reads from aubergine_I_oct2__hifi_reads.fastq on Fri Sep 15 10:04:13 BST 2023.
Identifying reads in aubergine_I_oct__hifi_reads.fastq with adapter contamination on Fri Sep 15 10:23:40 BST 2023.
Creating blocklist for aubergine_I_oct__hifi_reads.fastq on Fri Sep 15 10:40:15 BST 2023.
Removing adapter contaminated reads from aubergine_I_oct__hifi_reads.fastq on Fri Sep 15 10:40:15 BST 2023.
Identifying reads in aubergine_R_oct2__hifi_reads.fastq with adapter contamination on Fri Sep 15 11:00:38 BST 2023.
Creating blocklist for aubergine_R_oct2__hifi_reads.fastq on Fri Sep 15 11:10:47 BST 2023.
Removing adapter contaminated reads from aubergine_R_oct2__hifi_reads.fastq on Fri Sep 15 11:10:47 BST 2023.
Identifying reads in aubergine_R_oct__hifi_reads.fastq with adapter contamination on Fri Sep 15 11:22:52 BST 2023.
Creating blocklist for aubergine_R_oct__hifi_reads.fastq on Fri Sep 15 11:42:12 BST 2023.
Removing adapter contaminated reads from aubergine_R_oct__hifi_reads.fastq on Fri Sep 15 11:42:12 BST 2023.
Identifying reads in concombre_I_jui__hifi_reads.fastq with adapter contamination on Fri Sep 15 12:06:03 BST 2023.
Creating blocklist for concombre_I_jui__hifi_reads.fastq on Fri Sep 15 12:21:02 BST 2023.
Removing adapter contaminated reads from concombre_I_jui__hifi_reads.fastq on Fri Sep 15 12:21:02 BST 2023.
Identifying reads in concombre_R_jui__hifi_reads.fastq with adapter contamination on Fri Sep 15 12:35:19 BST 2023.
Creating blocklist for concombre_R_jui__hifi_reads.fastq on Fri Sep 15 12:54:56 BST 2023.
Removing adapter contaminated reads from concombre_R_jui__hifi_reads.fastq on Fri Sep 15 12:54:57 BST 2023.
Identifying reads in poivron_I_oct__hifi_reads.fastq with adapter contamination on Fri Sep 15 13:12:41 BST 2023.
Creating blocklist for poivron_I_oct__hifi_reads.fastq on Fri Sep 15 13:28:51 BST 2023.
Removing adapter contaminated reads from poivron_I_oct__hifi_reads.fastq on Fri Sep 15 13:28:51 BST 2023.
Identifying reads in poivron_R_oct__hifi_reads.fastq with adapter contamination on Fri Sep 15 13:54:46 BST 2023.
Creating blocklist for poivron_R_oct__hifi_reads.fastq on Fri Sep 15 13:58:26 BST 2023.
Removing adapter contaminated reads from poivron_R_oct__hifi_reads.fastq on Fri Sep 15 13:58:27 BST 2023.
Identifying reads in salade_I_fev__hifi_reads.fastq with adapter contamination on Fri Sep 15 14:16:21 BST 2023.
Creating blocklist for salade_I_fev__hifi_reads.fastq on Fri Sep 15 14:34:46 BST 2023.
Removing adapter contaminated reads from salade_I_fev__hifi_reads.fastq on Fri Sep 15 14:34:46 BST 2023.
Identifying reads in salade_R_fev__hifi_reads.fastq with adapter contamination on Fri Sep 15 14:59:34 BST 2023.
Creating blocklist for salade_R_fev__hifi_reads.fastq on Fri Sep 15 15:19:59 BST 2023.
Removing adapter contaminated reads from salade_R_fev__hifi_reads.fastq on Fri Sep 15 15:19:59 BST 2023.
