Loading singularity/3.5.3
  Loading requirement: go/1.16.4
Le répertoire 'fastq_AdaptFilt' existe.
No options specified. 
Filtering files in working directory. 
aubergine_I_oct2__hifi_reads.fastq
aubergine_I_oct__hifi_reads.fastq
aubergine_R_oct2__hifi_reads.fastq
aubergine_R_oct__hifi_reads.fastq
concombre_I_jui__hifi_reads.fastq
concombre_R_jui__hifi_reads.fastq
fastq_AdaptFilt
fastqc
poivron_I_oct__hifi_reads.fastq
poivron_R_oct__hifi_reads.fastq
salade_I_fev__hifi_reads.fastq
salade_R_fev__hifi_reads.fastq
Identifying reads in aubergine_I_oct2__hifi_reads.fastq with adapter contamination on Fri Sep 15 09:47:13 BST 2023.
Creating blocklist for aubergine_I_oct2__hifi_reads.fastq on Fri Sep 15 10:01:47 BST 2023.
Removing adapter contaminated reads from aubergine_I_oct2__hifi_reads.fastq on Fri Sep 15 10:01:47 BST 2023.
